
 26.07.15 02:39
 Name: Bogdan 
 E-mail: bogdan3591@yandex.ru 
 Subject: FUCK GG 
 Message: FUCK GG 
 ____________________________
 26.07.15 02:46
 Name: Bogdan 
 E-mail: bogdan3591@yandex.ru 
 Subject: FUCK GG 
 Message: F 
 ____________________________
 26.07.15 02:47
 Name: Bogdan 
 E-mail: bogdan3591@yandex.ru 
 Subject: FUCK GG 
 Message: F 
 ____________________________
 26.07.15 19:22
 Name: Bogdan 
 E-mail: bogdan3591@yandex.ru 
 Subject: FUCK GG 
 Message: fAS 
 ____________________________
 26.07.15 19:23
 Name: ff 
 E-mail: bogdan3591@yandex.ru 
 Subject: ff 
 Message: ff 
 ____________________________
 26.07.15 19:26
 Name: Bogdan 
 E-mail: bogdan3591@yandex.ru 
 Subject: FUCK GG 
 Message: b 
 ____________________________
 26.07.15 19:27
 Name: Bogdan 
 E-mail: bogdan3591@yandex.ru 
 Subject: FUCK GG 
 Message: b 
 ____________________________
 26.07.15 19:28
 Name: Bogdan 
 E-mail: bogdan3591@yandex.ru 
 Subject: b 
 Message: b 
 ____________________________
 26.07.15 19:28
 Name: Bogdanb 
 E-mail: bogdan3591@yandex.ru 
 Subject: bb 
 Message: b 
 ____________________________
 26.07.15 19:28
 Name: Bogdan 
 E-mail: bogdan3591@yandex.ru 
 Subject: bb 
 Message: b 
 ____________________________
 26.07.15 19:29
 Name: Bogdan 
 E-mail: bogdan3591@yandex.ru 
 Subject: b 
 Message: b 
 ____________________________
 26.07.15 19:29
 Name: b 
 E-mail: bogdan3591@yandex.ru 
 Subject: bb 
 Message: b 
 ____________________________
 26.07.15 19:29
 Name: b 
 E-mail: bogdan3591@yandex.ru 
 Subject: b 
 Message: b 
 ____________________________
 26.07.15 19:32
 Name: Bogdan 
 E-mail: bogdan3591@yandex.ru 
 Subject: b 
 Message: b 
 ____________________________
 26.07.15 19:32
 Name: Bogdan 
 E-mail: bogdan3591@yandex.ru 
 Subject: bb 
 Message: b 
 ____________________________
 26.07.15 19:33
 Name: b 
 E-mail: bogdan3591@yandex.ru 
 Subject: b 
 Message: b 
 ____________________________
 26.07.15 19:33
 Name: Bogdan 
 E-mail: bogdan3591@yandex.ru 
 Subject: b 
 Message: b 
 ____________________________
 26.07.15 19:35
 Name: Bogdan 
 E-mail: bogdan3591@yandex.ru 
 Subject: b 
 Message: b 
 ____________________________
 26.07.15 19:52
 Name: b 
 E-mail: bogdan3591@yandex.ru 
 Subject: b 
 Message: b 
 ____________________________