
 05.09.15 13:48
 Name: Bogdan 
 E-mail: bogdan3591@mail.ru 
 Subject: FUCK GG 
 Message: Жища 
 ____________________________
 05.09.15 14:05
 Name:  
 E-mail: sdab@sadh.rt 
 Subject:  
 Message:  
 ____________________________
 05.09.15 14:05
 Name:  
 E-mail: sdab@sadh.rt 
 Subject:  
 Message:  
 ____________________________
 05.09.15 14:05
 Name:  
 E-mail: sdab@sadh.rt 
 Subject:  
 Message:  
 ____________________________
 05.09.15 14:05
 Name:  
 E-mail: sdab@sadh.rt 
 Subject:  
 Message:  
 ____________________________
 05.09.15 14:05
 Name:  
 E-mail: sdab@sadh.rt 
 Subject:  
 Message:  
 ____________________________
 05.09.15 14:05
 Name:  
 E-mail: sdab@sadh.rt 
 Subject:  
 Message:  
 ____________________________
 05.09.15 14:05
 Name:  
 E-mail: sdab@sadh.rt 
 Subject:  
 Message:  
 ____________________________
 05.09.15 14:05
 Name:  
 E-mail: sdab@sadh.rt 
 Subject:  
 Message:  
 ____________________________
 05.09.15 14:05
 Name:  
 E-mail: sdab@sadh.rt 
 Subject:  
 Message:  
 ____________________________
 05.09.15 14:05
 Name: f 
 E-mail: sdab@sadh.rt 
 Subject:  
 Message:  
 ____________________________
 05.09.15 14:05
 Name: f 
 E-mail: sdab@sadh.rt 
 Subject:  
 Message: f 
 ____________________________
 05.09.15 16:36
 Name: Vasya228 
 E-mail: vasya228@mail.ru 
 Subject: vasya228 
 Message: http://www.youtube.com/watch?v=wiA3zaxZEG8 
 ____________________________