
 27.07.15 01:10:09
 Name: Bogdan 
 E-mail: bogadn3591@yandex.ru 
 Subject: FUCK GG 
 Message: GGBB 
 ____________________________
 27.07.15 01:10:34
 Name: b 
 E-mail: bogadn3591@yandex.ru 
 Subject: BF 
 Message: Hello 
 ____________________________
 27.07.15 01:12:43
 Name: b 
 E-mail: bogdan3591@gamil.com 
 Subject: 2122 
 Message: FUK JJ 
 ____________________________
 27.07.15 01:13:24
 Name: Bogdan 
 E-mail: bogdan3591@gmail.com 
 Subject: FUCK GG 
 Message: FUCK JJ@SSF 
 ____________________________