
 26.07.15 02:49
 Name: Bogdan 
 E-mail: bogdan3591@yandex.ru 
 Subject: FUCK GG 
 Message: F 
 ____________________________
 26.07.15 04:00
 Name: Bogdan 
 E-mail: bogdan3591@yandex.ru 
 Subject: bb 
 Message: b 
 ____________________________
 26.07.15 04:01
 Name: Bogdan 
 E-mail: bogdan3591@yandex.ru 
 Subject: b 
 Message: b 
 ____________________________
 26.07.15 04:25
 Name: Bogdan 
 E-mail: bogdan3591@yandex.ru 
 Subject: b 
 Message: b 
 ____________________________
 26.07.15 04:30
 Name: Bogdan 
 E-mail: bogdan3591@yandex.ru 
 Subject: bb 
 Message: b 
 ____________________________
 26.07.15 04:31
 Name: Bogdan 
 E-mail: bogdan3591@yandex.ru 
 Subject: b 
 Message: b 
 ____________________________
 26.07.15 04:32
 Name: Bogdan 
 E-mail: bogdan3591@yandex.ru 
 Subject: bb 
 Message: b 
 ____________________________
 26.07.15 13:56:05
 Name: Bogdan 
 E-mail: bogdan3591@yandex.ru 
 Subject: b 
 Message: b 
 ____________________________
 26.07.15 14:03:01
 Name: Bogdan 
 E-mail: bogdan3591@yandex.ru 
 Subject: b 
 Message: b 
 ____________________________
 26.07.15 14:04:18
 Name:  
 E-mail: bogdan3591@yandex.ru 
 Subject:  
 Message:  
 ____________________________
 26.07.15 14:04:36
 Name:  
 E-mail: bogdan3591@yandex.ru 
 Subject:  
 Message:  
 ____________________________
 26.07.15 14:04:36
 Name:  
 E-mail: bogdan3591@yandex.ru 
 Subject:  
 Message:  
 ____________________________
 26.07.15 14:04:36
 Name:  
 E-mail: bogdan3591@yandex.ru 
 Subject:  
 Message:  
 ____________________________
 26.07.15 14:05:57
 Name:  
 E-mail: bogdan3591@yandex.ru 
 Subject:  
 Message:  
 ____________________________
 26.07.15 14:08:22
 Name:  
 E-mail: bogdan3591@yandex.ru 
 Subject:  
 Message:  
 ____________________________
 26.07.15 14:08:53
 Name:  
 E-mail: bars@a.ru 
 Subject:  
 Message:  
 ____________________________
 26.07.15 14:08:56
 Name:  
 E-mail: b@a.ru 
 Subject:  
 Message:  
 ____________________________
 26.07.15 14:15:20
 Name:  
 E-mail: bogdan3591@yandex.ru 
 Subject:  
 Message:  
 ____________________________
 26.07.15 14:16:26
 Name:  
 E-mail: bogdan3591@yandex.ru 
 Subject:  
 Message:  
 ____________________________
 26.07.15 14:17:09
 Name:  
 E-mail: bogdan3591@yandex.ru 
 Subject:  
 Message:  
 ____________________________
 26.07.15 15:05:34
 Name:  
 E-mail: bogdan3591@yandex.ru 
 Subject:  
 Message:  
 ____________________________
 26.07.15 15:05:39
 Name: Bogdan 
 E-mail: bogdan3591@yandex.ru 
 Subject:  
 Message:  
 ____________________________
 26.07.15 15:05:44
 Name: Bogdan 
 E-mail: bogdan3591@yandex.ru 
 Subject:  
 Message: AFFAs 
 ____________________________
 26.07.15 15:08:17
 Name: b 
 E-mail: bogdan3591@yandex.ru 
 Subject: b 
 Message:  
 ____________________________
 26.07.15 15:08:25
 Name: b 
 E-mail: bogdan3591@yandex.ru 
 Subject: b 
 Message: FUCK GG 
 ____________________________
 26.07.15 15:40:47
 Name: Bogdan 
 E-mail: bogdan3591@yandex.ru 
 Subject: b 
 Message: b 
 ____________________________
 26.07.15 15:40:54
 Name: Bogdan 
 E-mail: bogdan3591@yandex.ru 
 Subject: b 
 Message: b 
 ____________________________
 26.07.15 15:53:23
 Name: Bogdan 
 E-mail: bogdan3591@yandex.ru 
 Subject: b 
 Message: b 
 ____________________________
 26.07.15 15:53:36
 Name: Bogdan 
 E-mail: bogdan3591@yandex.ru 
 Subject: b 
 Message: b 
 ____________________________
 26.07.15 15:57:45
 Name: Bogdan 
 E-mail: bogdan3591@yandex.ru 
 Subject: b 
 Message: b 
 ____________________________
 26.07.15 15:57:53
 Name: Bogdan 
 E-mail: bogdan3591@yandex.ru 
 Subject: b 
 Message: b 
 ____________________________
 26.07.15 15:58:06
 Name: Bogdan 
 E-mail: bogdan3591@yandex.ru 
 Subject: b 
 Message: b 
 ____________________________
 26.07.15 15:58:07
 Name: Bogdan 
 E-mail: bogdan3591@yandex.ru 
 Subject: b 
 Message: b 
 ____________________________
 26.07.15 15:58:07
 Name: Bogdan 
 E-mail: bogdan3591@yandex.ru 
 Subject: b 
 Message: b 
 ____________________________
 26.07.15 15:58:07
 Name: Bogdan 
 E-mail: bogdan3591@yandex.ru 
 Subject: b 
 Message: b 
 ____________________________
 26.07.15 15:58:07
 Name: Bogdan 
 E-mail: bogdan3591@yandex.ru 
 Subject: b 
 Message: b 
 ____________________________
 26.07.15 15:58:36
 Name: Bogdan 
 E-mail: bogdan3591@yandex.ru 
 Subject: b 
 Message: b 
 ____________________________
 26.07.15 16:07:12
 Name:  
 E-mail: bogdan3591@yandex.ru 
 Subject:  
 Message:  
 ____________________________
 26.07.15 16:07:16
 Name: Bogdan 
 E-mail: bogdan3591@yandex.ru 
 Subject:  
 Message:  
 ____________________________
 26.07.15 16:07:23
 Name:  
 E-mail: bogdan3591@yandex.ru 
 Subject:  
 Message:  
 ____________________________
 26.07.15 16:12:06
 Name: Bogdan 
 E-mail: bogdan3591@yandex.ru 
 Subject: FUCK GG 
 Message:  
 ____________________________
 26.07.15 16:15:12
 Name: Bogdan 
 E-mail: bogdan3591@yandex.ru 
 Subject: b 
 Message: b 
 ____________________________
 26.07.15 16:19:27
 Name: Bogdan 
 E-mail: bogdan3591@yandex.ru 
 Subject: b 
 Message: b 
 ____________________________
 26.07.15 16:19:45
 Name: Bogdanb 
 E-mail: bogdan3591@yandex.ru 
 Subject: b 
 Message: b 
 ____________________________
 26.07.15 16:20:23
 Name: Bogdan 
 E-mail: bogdan3591@yandex.ru 
 Subject: bb 
 Message: b 
 ____________________________
 26.07.15 16:25:04
 Name: Bogdan 
 E-mail: bogdan3591@yandex.ru 
 Subject: b 
 Message: b 
 ____________________________
 26.07.15 16:32:55
 Name: Bogdan 
 E-mail: bogdan3591@yandex.ru 
 Subject: b 
 Message: b 
 ____________________________
 26.07.15 16:33:09
 Name: Bogdan 
 E-mail: bogdan3591@yandex.ru 
 Subject: b 
 Message: b 
 ____________________________
 26.07.15 16:35:17
 Name: Bogdan 
 E-mail: bogdan3591@yandex.ru 
 Subject: b 
 Message: b 
 ____________________________
 26.07.15 16:43:44
 Name: Bogdanb 
 E-mail: bogdan3591@yandex.ru 
 Subject: bb 
 Message: b 
 ____________________________
 26.07.15 16:44:21
 Name: Bogdan 
 E-mail: bogdan3591@yandex.ru 
 Subject: b 
 Message: b 
 ____________________________
 26.07.15 16:44:28
 Name: Bogdan 
 E-mail: bogdan3591@yandex.ru 
 Subject: b 
 Message: b 
 ____________________________
 26.07.15 16:44:36
 Name: Bogdan 
 E-mail: bogdan3591@yandex.ru 
 Subject: b 
 Message: b 
 ____________________________
 26.07.15 16:44:36
 Name: Bogdan 
 E-mail: bogdan3591@yandex.ru 
 Subject: b 
 Message: b 
 ____________________________
 26.07.15 16:44:36
 Name: Bogdan 
 E-mail: bogdan3591@yandex.ru 
 Subject: b 
 Message: b 
 ____________________________
 26.07.15 16:44:36
 Name: Bogdan 
 E-mail: bogdan3591@yandex.ru 
 Subject: b 
 Message: b 
 ____________________________
 26.07.15 16:44:37
 Name: Bogdan 
 E-mail: bogdan3591@yandex.ru 
 Subject: b 
 Message: b 
 ____________________________
 26.07.15 16:44:37
 Name: Bogdan 
 E-mail: bogdan3591@yandex.ru 
 Subject: b 
 Message: b 
 ____________________________
 26.07.15 16:44:37
 Name: Bogdan 
 E-mail: bogdan3591@yandex.ru 
 Subject: b 
 Message: b 
 ____________________________
 26.07.15 16:48:12
 Name: Bogdan 
 E-mail: bogdan3591@yandex.ru 
 Subject: bb 
 Message: b 
 ____________________________
 26.07.15 16:49:29
 Name: Bogdan 
 E-mail: bogdan3591@yandex.ru 
 Subject: bb 
 Message: b 
 ____________________________
 26.07.15 16:49:55
 Name: Bogdan 
 E-mail: bogdan3591@yandex.ru 
 Subject: b 
 Message: FUCK GG! 
 ____________________________
 26.07.15 16:50:57
 Name: Bogdan 
 E-mail: bogdan3591@yandex.ru 
 Subject: b 
 Message: b 
 ____________________________
 26.07.15 16:54:02
 Name: Bogdan 
 E-mail: bogdan3591@yandex.ru 
 Subject: FUCK GG 
 Message: Хаха лул 
 ____________________________
 26.07.15 17:30:26
 Name: Bogdan 
 E-mail: bogdan3591@yandex.ru 
 Subject: b 
 Message: b 
 ____________________________
 26.07.15 17:30:51
 Name: Bogdan 
 E-mail: bogdan3591@yandex.ru 
 Subject: b 
 Message: b 
 ____________________________
 26.07.15 17:30:58
 Name: Bogdanb 
 E-mail: bogdan3591@yandex.ru 
 Subject: b 
 Message: b 
 ____________________________
 26.07.15 17:31:07
 Name: Bogdan 
 E-mail: bogdan3591@yandex.ru 
 Subject: b 
 Message: b 
 ____________________________
 26.07.15 17:31:51
 Name: Bogdan 
 E-mail: bogdan3591@yandex.ru 
 Subject: b 
 Message: b 
 ____________________________
 26.07.15 17:32:07
 Name: Bogdan 
 E-mail: bogdan3591@yandex.ru 
 Subject: b 
 Message: b 
 ____________________________
 26.07.15 17:32:14
 Name: Bogdan 
 E-mail: bogdan3591@yandex.ru 
 Subject: b 
 Message: b 
 ____________________________
 26.07.15 17:51:55
 Name: Bogdanb 
 E-mail: bogdan3591@yandex.ru 
 Subject: FUCK GG 
 Message: b 
 ____________________________
 26.07.15 18:57:27
 Name: Bogdan 
 E-mail: bogdan3591@yandex.ru 
 Subject: b 
 Message: FUCK GG EASY 
 ____________________________
 26.07.15 19:53:50
 Name: Bogdan 
 E-mail: bogdan3591@yandex.ru 
 Subject: bb 
 Message: bb 
 ____________________________
 26.07.15 22:02:42
 Name: писа 
 E-mail: anttiakiyama@gmail.com 
 Subject: авып 
 Message: писа 
 ____________________________
 26.07.15 22:10:51
 Name: Bogdan 
 E-mail: bogdan3591@yandex.ru 
 Subject: FUCK GG 
 Message:  
 ____________________________
 26.07.15 22:10:52
 Name: Bogdan 
 E-mail: bogdan3591@yandex.ru 
 Subject: FUCK GG 
 Message:  
 ____________________________
 26.07.15 22:10:53
 Name: Bogdan 
 E-mail: bogdan3591@yandex.ru 
 Subject: FUCK GG 
 Message:  
 ____________________________
 26.07.15 22:10:53
 Name: Bogdan 
 E-mail: bogdan3591@yandex.ru 
 Subject: FUCK GG 
 Message:  
 ____________________________
 26.07.15 22:10:53
 Name: Bogdan 
 E-mail: bogdan3591@yandex.ru 
 Subject: FUCK GG 
 Message:  
 ____________________________
 26.07.15 22:10:53
 Name: Bogdan 
 E-mail: bogdan3591@yandex.ru 
 Subject: FUCK GG 
 Message:  
 ____________________________
 26.07.15 22:10:53
 Name: Bogdan 
 E-mail: bogdan3591@yandex.ru 
 Subject: FUCK GG 
 Message:  
 ____________________________
 26.07.15 22:10:54
 Name: Bogdan 
 E-mail: bogdan3591@yandex.ru 
 Subject: FUCK GG 
 Message:  
 ____________________________
 26.07.15 22:10:54
 Name: Bogdan 
 E-mail: bogdan3591@yandex.ru 
 Subject: FUCK GG 
 Message:  
 ____________________________
 26.07.15 22:10:54
 Name: Bogdan 
 E-mail: bogdan3591@yandex.ru 
 Subject: FUCK GG 
 Message:  
 ____________________________
 26.07.15 22:10:55
 Name: Bogdan 
 E-mail: bogdan3591@yandex.ru 
 Subject: FUCK GG 
 Message:  
 ____________________________
 26.07.15 22:10:57
 Name: Bogdan 
 E-mail: bogdan3591@yandex.ru 
 Subject: FUCK GG 
 Message: fd 
 ____________________________